[2023-05-28 03:00:06.679] [info]  Error: The name org.freedesktop.secrets was not provided by any .service files
[2023-05-28 03:00:06.681] [info]  Error: The name org.freedesktop.secrets was not provided by any .service files
[2023-05-28 03:00:06.689] [info]  TypeError: Cannot read properties of undefined (reading 'deleteBiometricKey')
    at BiometricsService.<anonymous> (/usr/lib/bitwarden/app.asar/main.js:44517:55)
    at Generator.next (<anonymous>)
    at /usr/lib/bitwarden/app.asar/main.js:44425:71
    at new Promise (<anonymous>)
    at biometrics_service_awaiter (/usr/lib/bitwarden/app.asar/main.js:44421:12)
    at BiometricsService.deleteBiometricKey (/usr/lib/bitwarden/app.asar/main.js:44515:16)
    at DesktopCredentialStorageListener.<anonymous> (/usr/lib/bitwarden/app.asar/main.js:44699:45)
    at Generator.next (<anonymous>)
    at /usr/lib/bitwarden/app.asar/main.js:44576:71
    at new Promise (<anonymous>)
[2023-05-28 03:00:06.709] [info]  Error: The name org.freedesktop.secrets was not provided by any .service files
[2023-05-28 03:00:06.713] [info]  Error: The name org.freedesktop.secrets was not provided by any .service files
[2023-05-28 03:00:06.713] [info]  Error: The name org.freedesktop.secrets was not provided by any .service files
[2023-05-28 03:00:06.719] [info]  Error: The name org.freedesktop.secrets was not provided by any .service files
[2023-05-28 03:00:06.720] [info]  Error: The name org.freedesktop.secrets was not provided by any .service files
[2023-05-28 03:00:06.720] [info]  Error: The name org.freedesktop.secrets was not provided by any .service files
[2023-05-28 03:00:06.739] [info]  Error: The name org.freedesktop.secrets was not provided by any .service files
[2023-05-28 03:00:06.742] [info]  Error: The name org.freedesktop.secrets was not provided by any .service files
[2023-05-28 03:00:06.929] [info]  Error: The name org.freedesktop.secrets was not provided by any .service files
[2023-05-28 03:00:06.933] [info]  Error: The name org.freedesktop.secrets was not provided by any .service files
[2023-05-28 03:00:07.046] [info]  Error: The name org.freedesktop.secrets was not provided by any .service files
[2023-05-28 03:00:07.061] [info]  Error: The name org.freedesktop.secrets was not provided by any .service files
[2023-05-28 03:00:07.084] [info]  Error: The name org.freedesktop.secrets was not provided by any .service files
[2023-05-28 03:00:07.105] [info]  Error: The name org.freedesktop.secrets was not provided by any .service files
[2023-05-28 03:00:07.207] [info]  Error: The name org.freedesktop.secrets was not provided by any .service files
[2023-05-28 03:00:07.262] [info]  Error: The name org.freedesktop.secrets was not provided by any .service files
[2023-05-28 03:00:07.269] [info]  Error: The name org.freedesktop.secrets was not provided by any .service files
[2023-05-28 03:00:07.273] [info]  Error: The name org.freedesktop.secrets was not provided by any .service files
[2023-05-28 03:00:07.278] [info]  Error: The name org.freedesktop.secrets was not provided by any .service files
[2023-05-28 03:00:07.283] [info]  Error: The name org.freedesktop.secrets was not provided by any .service files
[2023-05-28 03:00:07.288] [info]  Error: The name org.freedesktop.secrets was not provided by any .service files
[2023-05-28 03:00:07.294] [info]  Error: The name org.freedesktop.secrets was not provided by any .service files
[2023-05-28 03:00:07.298] [info]  Error: The name org.freedesktop.secrets was not provided by any .service files
[2023-05-28 03:00:07.303] [info]  Error: The name org.freedesktop.secrets was not provided by any .service files
[2023-05-28 03:00:17.242] [info]  Error: The name org.freedesktop.secrets was not provided by any .service files
[2023-05-28 03:00:27.241] [info]  Error: The name org.freedesktop.secrets was not provided by any .service files
[2023-05-28 03:00:37.241] [info]  Error: The name org.freedesktop.secrets was not provided by any .service files
[2023-05-28 03:00:43.099] [error] TypeError: Object has been destroyed
    at WindowMain.<anonymous> (/usr/lib/bitwarden/app.asar/main.js:46967:36)
    at Generator.next (<anonymous>)
    at /usr/lib/bitwarden/app.asar/main.js:46775:71
    at new Promise (<anonymous>)
    at window_main_awaiter (/usr/lib/bitwarden/app.asar/main.js:46771:12)
    at WindowMain.updateWindowState (/usr/lib/bitwarden/app.asar/main.js:46962:16)
    at WindowMain.<anonymous> (/usr/lib/bitwarden/app.asar/main.js:46915:28)
    at Generator.next (<anonymous>)
    at /usr/lib/bitwarden/app.asar/main.js:46775:71
    at new Promise (<anonymous>)
[2023-05-28 13:54:11.129] [info]  Error: The name org.freedesktop.secrets was not provided by any .service files
[2023-05-28 13:54:11.150] [info]  Error: The name org.freedesktop.secrets was not provided by any .service files
[2023-05-28 13:54:11.150] [info]  Error: The name org.freedesktop.secrets was not provided by any .service files
[2023-05-28 13:54:11.156] [info]  Error: The name org.freedesktop.secrets was not provided by any .service files
[2023-05-28 13:54:11.167] [info]  TypeError: Cannot read properties of undefined (reading 'osSupportsBiometric')
    at BiometricsService.<anonymous> (/usr/lib/bitwarden/app.asar/main.js:44464:55)
    at Generator.next (<anonymous>)
    at /usr/lib/bitwarden/app.asar/main.js:44425:71
    at new Promise (<anonymous>)
    at biometrics_service_awaiter (/usr/lib/bitwarden/app.asar/main.js:44421:12)
    at BiometricsService.osSupportsBiometric (/usr/lib/bitwarden/app.asar/main.js:44463:16)
    at DesktopCredentialStorageListener.<anonymous> (/usr/lib/bitwarden/app.asar/main.js:44648:59)
    at Generator.next (<anonymous>)
    at /usr/lib/bitwarden/app.asar/main.js:44576:71
    at new Promise (<anonymous>)
[2023-05-28 13:54:11.168] [info]  TypeError: Cannot read properties of undefined (reading 'osSupportsBiometric')
    at BiometricsService.<anonymous> (/usr/lib/bitwarden/app.asar/main.js:44464:55)
    at Generator.next (<anonymous>)
    at /usr/lib/bitwarden/app.asar/main.js:44425:71
    at new Promise (<anonymous>)
    at biometrics_service_awaiter (/usr/lib/bitwarden/app.asar/main.js:44421:12)
    at BiometricsService.osSupportsBiometric (/usr/lib/bitwarden/app.asar/main.js:44463:16)
    at BiometricsService.<anonymous> (/usr/lib/bitwarden/app.asar/main.js:44474:58)
    at Generator.next (<anonymous>)
    at fulfilled (/usr/lib/bitwarden/app.asar/main.js:44422:58)
[2023-05-28 13:54:11.713] [info]  Error: The name org.freedesktop.secrets was not provided by any .service files
[2023-05-28 13:54:11.746] [info]  Error: The name org.freedesktop.secrets was not provided by any .service files
[2023-05-28 13:54:11.790] [info]  Error: The name org.freedesktop.secrets was not provided by any .service files
[2023-05-28 13:54:11.817] [info]  Error: The name org.freedesktop.secrets was not provided by any .service files
[2023-05-28 13:54:11.820] [info]  Error: The name org.freedesktop.secrets was not provided by any .service files
[2023-05-28 13:54:11.820] [info]  Error: The name org.freedesktop.secrets was not provided by any .service files
[2023-05-28 13:54:11.852] [info]  Error: The name org.freedesktop.secrets was not provided by any .service files
[2023-05-28 13:54:11.852] [info]  Error: The name org.freedesktop.secrets was not provided by any .service files
[2023-05-28 13:54:11.854] [info]  Error: The name org.freedesktop.secrets was not provided by any .service files
[2023-05-28 13:54:11.884] [info]  Error: The name org.freedesktop.secrets was not provided by any .service files
[2023-05-28 13:54:11.887] [info]  Error: The name org.freedesktop.secrets was not provided by any .service files
[2023-05-28 13:54:11.892] [info]  Error: The name org.freedesktop.secrets was not provided by any .service files
[2023-05-28 13:54:11.896] [info]  Error: The name org.freedesktop.secrets was not provided by any .service files
[2023-05-28 13:54:12.141] [info]  Error: The name org.freedesktop.secrets was not provided by any .service files
[2023-05-28 13:54:14.130] [info]  Error: The name org.freedesktop.secrets was not provided by any .service files
[2023-05-28 13:54:21.145] [info]  Error: The name org.freedesktop.secrets was not provided by any .service files
[2023-05-28 13:54:29.589] [error] TypeError: Object has been destroyed
    at WindowMain.<anonymous> (/usr/lib/bitwarden/app.asar/main.js:46967:36)
    at Generator.next (<anonymous>)
    at /usr/lib/bitwarden/app.asar/main.js:46775:71
    at new Promise (<anonymous>)
    at window_main_awaiter (/usr/lib/bitwarden/app.asar/main.js:46771:12)
    at WindowMain.updateWindowState (/usr/lib/bitwarden/app.asar/main.js:46962:16)
    at WindowMain.<anonymous> (/usr/lib/bitwarden/app.asar/main.js:46915:28)
    at Generator.next (<anonymous>)
    at /usr/lib/bitwarden/app.asar/main.js:46775:71
    at new Promise (<anonymous>)
[2023-05-28 13:55:41.140] [info]  Error: The name org.freedesktop.secrets was not provided by any .service files
[2023-05-28 13:55:41.161] [info]  Error: The name org.freedesktop.secrets was not provided by any .service files
[2023-05-28 13:55:41.162] [info]  Error: The name org.freedesktop.secrets was not provided by any .service files
[2023-05-28 13:55:41.168] [info]  Error: The name org.freedesktop.secrets was not provided by any .service files
[2023-05-28 13:55:41.178] [info]  TypeError: Cannot read properties of undefined (reading 'osSupportsBiometric')
    at BiometricsService.<anonymous> (/usr/lib/bitwarden/app.asar/main.js:44464:55)
    at Generator.next (<anonymous>)
    at /usr/lib/bitwarden/app.asar/main.js:44425:71
    at new Promise (<anonymous>)
    at biometrics_service_awaiter (/usr/lib/bitwarden/app.asar/main.js:44421:12)
    at BiometricsService.osSupportsBiometric (/usr/lib/bitwarden/app.asar/main.js:44463:16)
    at DesktopCredentialStorageListener.<anonymous> (/usr/lib/bitwarden/app.asar/main.js:44648:59)
    at Generator.next (<anonymous>)
    at /usr/lib/bitwarden/app.asar/main.js:44576:71
    at new Promise (<anonymous>)
[2023-05-28 13:55:41.180] [info]  TypeError: Cannot read properties of undefined (reading 'osSupportsBiometric')
    at BiometricsService.<anonymous> (/usr/lib/bitwarden/app.asar/main.js:44464:55)
    at Generator.next (<anonymous>)
    at /usr/lib/bitwarden/app.asar/main.js:44425:71
    at new Promise (<anonymous>)
    at biometrics_service_awaiter (/usr/lib/bitwarden/app.asar/main.js:44421:12)
    at BiometricsService.osSupportsBiometric (/usr/lib/bitwarden/app.asar/main.js:44463:16)
    at BiometricsService.<anonymous> (/usr/lib/bitwarden/app.asar/main.js:44474:58)
    at Generator.next (<anonymous>)
    at fulfilled (/usr/lib/bitwarden/app.asar/main.js:44422:58)
[2023-05-28 13:55:41.721] [info]  Error: The name org.freedesktop.secrets was not provided by any .service files
[2023-05-28 13:55:41.749] [info]  Error: The name org.freedesktop.secrets was not provided by any .service files
[2023-05-28 13:55:41.795] [info]  Error: The name org.freedesktop.secrets was not provided by any .service files
[2023-05-28 13:55:41.820] [info]  Error: The name org.freedesktop.secrets was not provided by any .service files
[2023-05-28 13:55:41.823] [info]  Error: The name org.freedesktop.secrets was not provided by any .service files
[2023-05-28 13:55:41.824] [info]  Error: The name org.freedesktop.secrets was not provided by any .service files
[2023-05-28 13:55:41.856] [info]  Error: The name org.freedesktop.secrets was not provided by any .service files
[2023-05-28 13:55:41.858] [info]  Error: The name org.freedesktop.secrets was not provided by any .service files
[2023-05-28 13:55:41.858] [info]  Error: The name org.freedesktop.secrets was not provided by any .service files
[2023-05-28 13:55:41.886] [info]  Error: The name org.freedesktop.secrets was not provided by any .service files
[2023-05-28 13:55:41.898] [info]  Error: The name org.freedesktop.secrets was not provided by any .service files
[2023-05-28 13:55:41.902] [info]  Error: The name org.freedesktop.secrets was not provided by any .service files
[2023-05-28 13:55:41.907] [info]  Error: The name org.freedesktop.secrets was not provided by any .service files
[2023-05-28 13:55:42.152] [info]  Error: The name org.freedesktop.secrets was not provided by any .service files
[2023-05-28 13:55:44.140] [info]  Error: The name org.freedesktop.secrets was not provided by any .service files
[2023-05-28 13:55:51.134] [info]  Error: The name org.freedesktop.secrets was not provided by any .service files
[2023-05-28 13:55:57.996] [info]  Error: The name org.freedesktop.secrets was not provided by any .service files
[2023-05-28 13:55:57.998] [info]  TypeError: Cannot read properties of undefined (reading 'deleteBiometricKey')
    at BiometricsService.<anonymous> (/usr/lib/bitwarden/app.asar/main.js:44517:55)
    at Generator.next (<anonymous>)
    at /usr/lib/bitwarden/app.asar/main.js:44425:71
    at new Promise (<anonymous>)
    at biometrics_service_awaiter (/usr/lib/bitwarden/app.asar/main.js:44421:12)
    at BiometricsService.deleteBiometricKey (/usr/lib/bitwarden/app.asar/main.js:44515:16)
    at DesktopCredentialStorageListener.<anonymous> (/usr/lib/bitwarden/app.asar/main.js:44699:45)
    at Generator.next (<anonymous>)
    at /usr/lib/bitwarden/app.asar/main.js:44576:71
    at new Promise (<anonymous>)
[2023-05-28 13:55:57.998] [info]  Error: The name org.freedesktop.secrets was not provided by any .service files
[2023-05-28 13:55:58.030] [info]  Error: The name org.freedesktop.secrets was not provided by any .service files
[2023-05-28 13:55:58.031] [info]  Error: The name org.freedesktop.secrets was not provided by any .service files
[2023-05-28 13:55:58.031] [info]  Error: The name org.freedesktop.secrets was not provided by any .service files
[2023-05-28 13:55:58.032] [info]  Error: The name org.freedesktop.secrets was not provided by any .service files
[2023-05-28 13:55:58.037] [info]  Error: The name org.freedesktop.secrets was not provided by any .service files
[2023-05-28 13:55:58.151] [info]  Error: The name org.freedesktop.secrets was not provided by any .service files
[2023-05-28 13:55:58.158] [info]  Error: The name org.freedesktop.secrets was not provided by any .service files
[2023-05-28 13:55:58.163] [info]  Error: The name org.freedesktop.secrets was not provided by any .service files
[2023-05-28 13:56:01.134] [info]  Error: The name org.freedesktop.secrets was not provided by any .service files
[2023-05-28 13:56:01.168] [info]  Error: The name org.freedesktop.secrets was not provided by any .service files
[2023-05-28 13:56:11.134] [info]  Error: The name org.freedesktop.secrets was not provided by any .service files
[2023-05-28 13:56:21.134] [info]  Error: The name org.freedesktop.secrets was not provided by any .service files
[2023-05-28 13:56:31.134] [info]  Error: The name org.freedesktop.secrets was not provided by any .service files
[2023-05-28 13:56:41.134] [info]  Error: The name org.freedesktop.secrets was not provided by any .service files
[2023-05-28 13:56:51.134] [info]  Error: The name org.freedesktop.secrets was not provided by any .service files
[2023-05-28 13:57:01.134] [info]  Error: The name org.freedesktop.secrets was not provided by any .service files
[2023-05-28 13:57:11.135] [info]  Error: The name org.freedesktop.secrets was not provided by any .service files
[2023-05-28 13:57:11.223] [info]  Error: The name org.freedesktop.secrets was not provided by any .service files
[2023-05-28 13:57:19.279] [info]  Error: The name org.freedesktop.secrets was not provided by any .service files
[2023-05-28 13:57:21.134] [info]  Error: The name org.freedesktop.secrets was not provided by any .service files
[2023-05-28 13:57:27.387] [info]  Error: The name org.freedesktop.secrets was not provided by any .service files
[2023-05-28 13:57:27.523] [info]  Error: The name org.freedesktop.secrets was not provided by any .service files
[2023-05-28 13:57:31.133] [info]  Error: The name org.freedesktop.secrets was not provided by any .service files
[2023-05-28 13:57:41.134] [info]  Error: The name org.freedesktop.secrets was not provided by any .service files
[2023-05-28 13:57:51.134] [info]  Error: The name org.freedesktop.secrets was not provided by any .service files
[2023-05-28 13:58:01.134] [info]  Error: The name org.freedesktop.secrets was not provided by any .service files
[2023-05-28 13:58:11.134] [info]  Error: The name org.freedesktop.secrets was not provided by any .service files
[2023-05-28 13:58:21.134] [info]  Error: The name org.freedesktop.secrets was not provided by any .service files
[2023-05-28 13:58:31.134] [info]  Error: The name org.freedesktop.secrets was not provided by any .service files
[2023-05-28 13:58:41.133] [info]  Error: The name org.freedesktop.secrets was not provided by any .service files
[2023-05-28 13:58:51.134] [info]  Error: The name org.freedesktop.secrets was not provided by any .service files
[2023-05-28 13:59:01.134] [info]  Error: The name org.freedesktop.secrets was not provided by any .service files
[2023-05-28 13:59:11.134] [info]  Error: The name org.freedesktop.secrets was not provided by any .service files
[2023-05-28 13:59:21.134] [info]  Error: The name org.freedesktop.secrets was not provided by any .service files
[2023-05-28 13:59:31.134] [info]  Error: The name org.freedesktop.secrets was not provided by any .service files
[2023-05-28 13:59:41.134] [info]  Error: The name org.freedesktop.secrets was not provided by any .service files
[2023-05-28 13:59:51.133] [info]  Error: The name org.freedesktop.secrets was not provided by any .service files
[2023-05-28 14:00:01.134] [info]  Error: The name org.freedesktop.secrets was not provided by any .service files
[2023-05-28 14:00:11.134] [info]  Error: The name org.freedesktop.secrets was not provided by any .service files
[2023-05-28 14:00:21.134] [info]  Error: The name org.freedesktop.secrets was not provided by any .service files
[2023-05-28 14:00:31.133] [info]  Error: The name org.freedesktop.secrets was not provided by any .service files
[2023-05-28 14:00:41.134] [info]  Error: The name org.freedesktop.secrets was not provided by any .service files
[2023-05-28 14:00:51.134] [info]  Error: The name org.freedesktop.secrets was not provided by any .service files
[2023-05-28 14:01:01.134] [info]  Error: The name org.freedesktop.secrets was not provided by any .service files
[2023-05-28 14:01:11.134] [info]  Error: The name org.freedesktop.secrets was not provided by any .service files
[2023-05-28 14:01:21.134] [info]  Error: The name org.freedesktop.secrets was not provided by any .service files
[2023-05-28 14:01:31.134] [info]  Error: The name org.freedesktop.secrets was not provided by any .service files
[2023-05-28 14:01:41.134] [info]  Error: The name org.freedesktop.secrets was not provided by any .service files
[2023-05-28 14:01:51.134] [info]  Error: The name org.freedesktop.secrets was not provided by any .service files
[2023-05-28 14:02:01.133] [info]  Error: The name org.freedesktop.secrets was not provided by any .service files
[2023-05-28 14:02:11.134] [info]  Error: The name org.freedesktop.secrets was not provided by any .service files
[2023-05-28 14:02:21.134] [info]  Error: The name org.freedesktop.secrets was not provided by any .service files
[2023-05-28 14:02:31.134] [info]  Error: The name org.freedesktop.secrets was not provided by any .service files
[2023-05-28 14:02:41.133] [info]  Error: The name org.freedesktop.secrets was not provided by any .service files
[2023-05-28 14:02:51.133] [info]  Error: The name org.freedesktop.secrets was not provided by any .service files
[2023-05-28 14:03:01.134] [info]  Error: The name org.freedesktop.secrets was not provided by any .service files
[2023-05-28 14:03:11.134] [info]  Error: The name org.freedesktop.secrets was not provided by any .service files
[2023-05-28 14:03:21.134] [info]  Error: The name org.freedesktop.secrets was not provided by any .service files
[2023-05-28 14:03:31.134] [info]  Error: The name org.freedesktop.secrets was not provided by any .service files
[2023-05-28 14:03:41.134] [info]  Error: The name org.freedesktop.secrets was not provided by any .service files
[2023-05-28 14:03:51.134] [info]  Error: The name org.freedesktop.secrets was not provided by any .service files
[2023-05-28 14:04:01.134] [info]  Error: The name org.freedesktop.secrets was not provided by any .service files
[2023-05-28 14:04:11.134] [info]  Error: The name org.freedesktop.secrets was not provided by any .service files
[2023-05-28 14:04:21.134] [info]  Error: The name org.freedesktop.secrets was not provided by any .service files
[2023-05-28 14:04:30.695] [error] TypeError: Object has been destroyed
    at WindowMain.<anonymous> (/usr/lib/bitwarden/app.asar/main.js:46967:36)
    at Generator.next (<anonymous>)
    at /usr/lib/bitwarden/app.asar/main.js:46775:71
    at new Promise (<anonymous>)
    at window_main_awaiter (/usr/lib/bitwarden/app.asar/main.js:46771:12)
    at WindowMain.updateWindowState (/usr/lib/bitwarden/app.asar/main.js:46962:16)
    at WindowMain.<anonymous> (/usr/lib/bitwarden/app.asar/main.js:46915:28)
    at Generator.next (<anonymous>)
    at /usr/lib/bitwarden/app.asar/main.js:46775:71
    at new Promise (<anonymous>)
[2023-05-31 17:32:38.751] [info]  Error: The name org.freedesktop.secrets was not provided by any .service files
[2023-05-31 17:32:38.774] [info]  Error: The name org.freedesktop.secrets was not provided by any .service files
[2023-05-31 17:32:38.774] [info]  Error: The name org.freedesktop.secrets was not provided by any .service files
[2023-05-31 17:32:38.781] [info]  Error: The name org.freedesktop.secrets was not provided by any .service files
[2023-05-31 17:32:38.795] [info]  TypeError: Cannot read properties of undefined (reading 'osSupportsBiometric')
    at BiometricsService.<anonymous> (/usr/lib/bitwarden/app.asar/main.js:44464:55)
    at Generator.next (<anonymous>)
    at /usr/lib/bitwarden/app.asar/main.js:44425:71
    at new Promise (<anonymous>)
    at biometrics_service_awaiter (/usr/lib/bitwarden/app.asar/main.js:44421:12)
    at BiometricsService.osSupportsBiometric (/usr/lib/bitwarden/app.asar/main.js:44463:16)
    at DesktopCredentialStorageListener.<anonymous> (/usr/lib/bitwarden/app.asar/main.js:44648:59)
    at Generator.next (<anonymous>)
    at /usr/lib/bitwarden/app.asar/main.js:44576:71
    at new Promise (<anonymous>)
[2023-05-31 17:32:38.797] [info]  TypeError: Cannot read properties of undefined (reading 'osSupportsBiometric')
    at BiometricsService.<anonymous> (/usr/lib/bitwarden/app.asar/main.js:44464:55)
    at Generator.next (<anonymous>)
    at /usr/lib/bitwarden/app.asar/main.js:44425:71
    at new Promise (<anonymous>)
    at biometrics_service_awaiter (/usr/lib/bitwarden/app.asar/main.js:44421:12)
    at BiometricsService.osSupportsBiometric (/usr/lib/bitwarden/app.asar/main.js:44463:16)
    at BiometricsService.<anonymous> (/usr/lib/bitwarden/app.asar/main.js:44474:58)
    at Generator.next (<anonymous>)
    at fulfilled (/usr/lib/bitwarden/app.asar/main.js:44422:58)
[2023-05-31 17:32:39.325] [info]  Error: The name org.freedesktop.secrets was not provided by any .service files
[2023-05-31 17:32:39.353] [info]  Error: The name org.freedesktop.secrets was not provided by any .service files
[2023-05-31 17:32:39.402] [info]  Error: The name org.freedesktop.secrets was not provided by any .service files
[2023-05-31 17:32:39.430] [info]  Error: The name org.freedesktop.secrets was not provided by any .service files
[2023-05-31 17:32:39.432] [info]  Error: The name org.freedesktop.secrets was not provided by any .service files
[2023-05-31 17:32:39.433] [info]  Error: The name org.freedesktop.secrets was not provided by any .service files
[2023-05-31 17:32:39.460] [info]  Error: The name org.freedesktop.secrets was not provided by any .service files
[2023-05-31 17:32:39.462] [info]  Error: The name org.freedesktop.secrets was not provided by any .service files
[2023-05-31 17:32:39.463] [info]  Error: The name org.freedesktop.secrets was not provided by any .service files
[2023-05-31 17:32:39.490] [info]  Error: The name org.freedesktop.secrets was not provided by any .service files
[2023-05-31 17:32:39.505] [info]  Error: The name org.freedesktop.secrets was not provided by any .service files
[2023-05-31 17:32:39.508] [info]  Error: The name org.freedesktop.secrets was not provided by any .service files
[2023-05-31 17:32:39.513] [info]  Error: The name org.freedesktop.secrets was not provided by any .service files
[2023-05-31 17:32:39.762] [info]  Error: The name org.freedesktop.secrets was not provided by any .service files
[2023-05-31 17:32:41.751] [info]  Error: The name org.freedesktop.secrets was not provided by any .service files
[2023-05-31 17:32:48.745] [info]  Error: The name org.freedesktop.secrets was not provided by any .service files
[2023-05-31 17:32:53.347] [info]  Error: The name org.freedesktop.secrets was not provided by any .service files
[2023-05-31 17:32:53.347] [info]  TypeError: Cannot read properties of undefined (reading 'deleteBiometricKey')
    at BiometricsService.<anonymous> (/usr/lib/bitwarden/app.asar/main.js:44517:55)
    at Generator.next (<anonymous>)
    at /usr/lib/bitwarden/app.asar/main.js:44425:71
    at new Promise (<anonymous>)
    at biometrics_service_awaiter (/usr/lib/bitwarden/app.asar/main.js:44421:12)
    at BiometricsService.deleteBiometricKey (/usr/lib/bitwarden/app.asar/main.js:44515:16)
    at DesktopCredentialStorageListener.<anonymous> (/usr/lib/bitwarden/app.asar/main.js:44699:45)
    at Generator.next (<anonymous>)
    at /usr/lib/bitwarden/app.asar/main.js:44576:71
    at new Promise (<anonymous>)
[2023-05-31 17:32:53.347] [info]  Error: The name org.freedesktop.secrets was not provided by any .service files
[2023-05-31 17:32:53.370] [info]  Error: The name org.freedesktop.secrets was not provided by any .service files
[2023-05-31 17:32:53.371] [info]  Error: The name org.freedesktop.secrets was not provided by any .service files
[2023-05-31 17:32:53.371] [info]  Error: The name org.freedesktop.secrets was not provided by any .service files
[2023-05-31 17:32:53.371] [info]  Error: The name org.freedesktop.secrets was not provided by any .service files
[2023-05-31 17:32:53.373] [info]  Error: The name org.freedesktop.secrets was not provided by any .service files
[2023-05-31 17:32:53.398] [info]  Error: The name org.freedesktop.secrets was not provided by any .service files
[2023-05-31 17:32:53.502] [info]  Error: The name org.freedesktop.secrets was not provided by any .service files
[2023-05-31 17:32:53.506] [info]  Error: The name org.freedesktop.secrets was not provided by any .service files
[2023-05-31 17:32:58.744] [info]  Error: The name org.freedesktop.secrets was not provided by any .service files
[2023-05-31 17:32:58.748] [info]  Error: The name org.freedesktop.secrets was not provided by any .service files
[2023-05-31 17:33:08.745] [info]  Error: The name org.freedesktop.secrets was not provided by any .service files
[2023-05-31 17:33:18.744] [info]  Error: The name org.freedesktop.secrets was not provided by any .service files
[2023-05-31 17:33:28.744] [info]  Error: The name org.freedesktop.secrets was not provided by any .service files
[2023-05-31 17:33:38.744] [info]  Error: The name org.freedesktop.secrets was not provided by any .service files
[2023-05-31 17:33:48.744] [info]  Error: The name org.freedesktop.secrets was not provided by any .service files
[2023-05-31 17:33:58.745] [info]  Error: The name org.freedesktop.secrets was not provided by any .service files
[2023-05-31 17:34:08.744] [info]  Error: The name org.freedesktop.secrets was not provided by any .service files
[2023-05-31 17:34:18.745] [info]  Error: The name org.freedesktop.secrets was not provided by any .service files
[2023-05-31 17:34:28.745] [info]  Error: The name org.freedesktop.secrets was not provided by any .service files
[2023-05-31 17:34:38.745] [info]  Error: The name org.freedesktop.secrets was not provided by any .service files
[2023-05-31 17:34:48.745] [info]  Error: The name org.freedesktop.secrets was not provided by any .service files
[2023-05-31 17:34:58.744] [info]  Error: The name org.freedesktop.secrets was not provided by any .service files
[2023-05-31 17:35:08.744] [info]  Error: The name org.freedesktop.secrets was not provided by any .service files
[2023-05-31 17:35:18.744] [info]  Error: The name org.freedesktop.secrets was not provided by any .service files
[2023-05-31 17:35:28.745] [info]  Error: The name org.freedesktop.secrets was not provided by any .service files
[2023-05-31 17:35:38.744] [info]  Error: The name org.freedesktop.secrets was not provided by any .service files
[2023-05-31 17:35:48.745] [info]  Error: The name org.freedesktop.secrets was not provided by any .service files
[2023-05-31 17:35:58.745] [info]  Error: The name org.freedesktop.secrets was not provided by any .service files
[2023-05-31 17:36:08.745] [info]  Error: The name org.freedesktop.secrets was not provided by any .service files
[2023-05-31 17:36:18.744] [info]  Error: The name org.freedesktop.secrets was not provided by any .service files
[2023-05-31 17:36:28.745] [info]  Error: The name org.freedesktop.secrets was not provided by any .service files
[2023-05-31 17:36:38.745] [info]  Error: The name org.freedesktop.secrets was not provided by any .service files
[2023-05-31 17:36:48.744] [info]  Error: The name org.freedesktop.secrets was not provided by any .service files
[2023-05-31 17:36:58.745] [info]  Error: The name org.freedesktop.secrets was not provided by any .service files
[2023-05-31 17:37:08.744] [info]  Error: The name org.freedesktop.secrets was not provided by any .service files
[2023-05-31 17:37:18.744] [info]  Error: The name org.freedesktop.secrets was not provided by any .service files
[2023-05-31 17:37:28.745] [info]  Error: The name org.freedesktop.secrets was not provided by any .service files
[2023-05-31 17:37:38.745] [info]  Error: The name org.freedesktop.secrets was not provided by any .service files
[2023-05-31 17:37:48.744] [info]  Error: The name org.freedesktop.secrets was not provided by any .service files
[2023-05-31 17:37:58.744] [info]  Error: The name org.freedesktop.secrets was not provided by any .service files
[2023-05-31 17:38:08.744] [info]  Error: The name org.freedesktop.secrets was not provided by any .service files
[2023-05-31 17:38:18.744] [info]  Error: The name org.freedesktop.secrets was not provided by any .service files
[2023-05-31 17:38:28.745] [info]  Error: The name org.freedesktop.secrets was not provided by any .service files
[2023-05-31 17:38:38.744] [info]  Error: The name org.freedesktop.secrets was not provided by any .service files
[2023-05-31 17:38:48.744] [info]  Error: The name org.freedesktop.secrets was not provided by any .service files
[2023-05-31 17:38:58.744] [info]  Error: The name org.freedesktop.secrets was not provided by any .service files
[2023-05-31 17:39:08.744] [info]  Error: The name org.freedesktop.secrets was not provided by any .service files
[2023-05-31 17:39:18.745] [info]  Error: The name org.freedesktop.secrets was not provided by any .service files
[2023-05-31 17:39:28.744] [info]  Error: The name org.freedesktop.secrets was not provided by any .service files
[2023-05-31 17:39:38.744] [info]  Error: The name org.freedesktop.secrets was not provided by any .service files
[2023-05-31 17:39:48.744] [info]  Error: The name org.freedesktop.secrets was not provided by any .service files
[2023-05-31 17:39:56.962] [error] TypeError: Object has been destroyed
    at WindowMain.<anonymous> (/usr/lib/bitwarden/app.asar/main.js:46967:36)
    at Generator.next (<anonymous>)
    at /usr/lib/bitwarden/app.asar/main.js:46775:71
    at new Promise (<anonymous>)
    at window_main_awaiter (/usr/lib/bitwarden/app.asar/main.js:46771:12)
    at WindowMain.updateWindowState (/usr/lib/bitwarden/app.asar/main.js:46962:16)
    at WindowMain.<anonymous> (/usr/lib/bitwarden/app.asar/main.js:46915:28)
    at Generator.next (<anonymous>)
    at /usr/lib/bitwarden/app.asar/main.js:46775:71
    at new Promise (<anonymous>)
