2023-05-29 15:17:05 Loading main app package /usr/lib/obsidian/obsidian.asar
2023-05-29 15:17:05 Checking for update using Github
2023-05-29 15:17:05 Success.
2023-05-29 15:17:05 Latest version is 1.3.4
2023-05-29 15:17:05 App is up to date.
2023-05-29 16:17:06 Checking for update using Github
2023-05-29 16:17:06 Success.
2023-05-29 16:17:06 Latest version is 1.3.4
2023-05-29 16:17:06 App is up to date.
2023-05-29 17:10:07 Loading main app package /usr/lib/obsidian/obsidian.asar
2023-05-29 17:10:07 Checking for update using Github
2023-05-29 17:10:08 Success.
2023-05-29 17:10:08 Latest version is 1.3.4
2023-05-29 17:10:08 App is up to date.
2023-05-29 18:10:07 Checking for update using Github
2023-05-29 18:10:08 Success.
2023-05-29 18:10:08 Latest version is 1.3.4
2023-05-29 18:10:08 App is up to date.
2023-05-29 19:10:08 Checking for update using Github
2023-05-29 19:10:08 Success.
2023-05-29 19:10:08 Latest version is 1.3.4
2023-05-29 19:10:08 App is up to date.
2023-05-29 20:10:08 Checking for update using Github
2023-05-29 20:10:08 Success.
2023-05-29 20:10:08 Latest version is 1.3.4
2023-05-29 20:10:08 App is up to date.
2023-05-29 21:10:08 Checking for update using Github
2023-05-29 21:10:08 Success.
2023-05-29 21:10:08 Latest version is 1.3.4
2023-05-29 21:10:08 App is up to date.
2023-05-29 22:10:08 Checking for update using Github
2023-05-29 22:10:08 Success.
2023-05-29 22:10:08 Latest version is 1.3.4
2023-05-29 22:10:08 App is up to date.
2023-05-30 15:59:48 Loading main app package /usr/lib/obsidian/obsidian.asar
2023-05-30 15:59:48 Checking for update using Github
2023-05-30 15:59:48 Success.
2023-05-30 15:59:48 Latest version is 1.3.4
2023-05-30 15:59:48 App is up to date.
2023-05-30 16:59:49 Checking for update using Github
2023-05-30 16:59:49 Success.
2023-05-30 16:59:49 Latest version is 1.3.4
2023-05-30 16:59:49 App is up to date.
2023-05-30 17:51:36 Loading main app package /usr/lib/obsidian/obsidian.asar
2023-05-30 17:51:36 Checking for update using Github
2023-05-30 17:59:49 Checking for update using Github
2023-05-30 17:59:49 Success.
2023-05-30 17:59:49 Latest version is 1.3.4
2023-05-30 17:59:49 App is up to date.
2023-06-01 17:49:19 Loading main app package /usr/lib/obsidian/obsidian.asar
2023-06-01 17:49:19 Checking for update using Github
2023-06-01 17:49:19 Success.
2023-06-01 17:49:19 Latest version is 1.3.5
2023-06-01 17:49:19 Downloading update from https://github.com/obsidianmd/obsidian-releases/releases/download/v1.3.5/obsidian-1.3.5.asar.gz
2023-06-01 17:49:20 Verifying hash & signature. Size= 7610287
2023-06-01 17:49:20 Saving file
2023-06-01 17:49:20 Update complete.
2023-06-01 18:49:19 Checking for update using Github
2023-06-01 18:49:19 Success.
2023-06-01 18:49:19 Latest version is 1.3.5
2023-06-01 18:49:19 An update is already downloaded.
2023-06-01 19:49:19 Checking for update using Github
2023-06-01 19:49:19 Success.
2023-06-01 19:49:19 Latest version is 1.3.5
2023-06-01 19:49:19 An update is already downloaded.
2023-06-01 20:49:19 Checking for update using Github
2023-06-01 20:49:19 Success.
2023-06-01 20:49:19 Latest version is 1.3.5
2023-06-01 20:49:19 An update is already downloaded.
2023-06-01 21:49:19 Checking for update using Github
2023-06-01 21:49:19 Success.
2023-06-01 21:49:19 Latest version is 1.3.5
2023-06-01 21:49:19 An update is already downloaded.
2023-06-02 18:14:58 Loading updated app package /home/gfernandez/.config/obsidian/obsidian-1.3.5.asar
2023-06-02 18:14:58 Checking for update using Github
2023-06-02 18:14:58 Success.
2023-06-02 18:14:58 Latest version is 1.3.5
2023-06-02 18:14:58 App is up to date.
2023-06-03 15:05:58 Loading updated app package /home/gfernandez/.config/obsidian/obsidian-1.3.5.asar
2023-06-03 15:05:58 Checking for update using Github
2023-06-03 15:05:58 Success.
2023-06-03 15:05:58 Latest version is 1.3.5
2023-06-03 15:05:58 App is up to date.
2023-06-04 17:31:30 Loading main app package /usr/lib/obsidian/obsidian.asar
2023-06-04 17:31:30 Checking for update using Github
2023-06-04 17:31:30 Success.
2023-06-04 17:31:30 Latest version is 1.3.5
2023-06-04 17:31:30 App is up to date.
2023-06-04 18:31:30 Checking for update using Github
2023-06-04 18:31:30 Success.
2023-06-04 18:31:30 Latest version is 1.3.5
2023-06-04 18:31:30 App is up to date.
2023-06-04 19:31:30 Checking for update using Github
2023-06-04 19:31:30 Success.
2023-06-04 19:31:30 Latest version is 1.3.5
2023-06-04 19:31:30 App is up to date.
2023-06-04 20:31:30 Checking for update using Github
2023-06-04 20:31:30 Success.
2023-06-04 20:31:30 Latest version is 1.3.5
2023-06-04 20:31:30 App is up to date.
